<?xml version="1.0" encoding="UTF-8"?>
<!-- Generated by org.testng.reporters.JUnitXMLReporter -->
<testsuite ignored="12" hostname="LTIN487235" failures="0" tests="7" name="chromeTest2" time="41.907" errors="0" timestamp="2024-03-29T11:57:58 IST">
  <testcase classname="testCases.TC_001_UserInfoTest" name="verifyUserInfoDisplay" time="10.897"/>
  <testcase classname="testCases.TC_002_CheckTitleTest" name="verifyAuthorInfo" time="1.511"/>
  <testcase classname="testCases.TC_003_AuthorInfoTest" name="validateAuthorInfoDisplay" time="10.219"/>
  <testcase classname="testCases.TC_004_ShareOptionTest" name="validateShareOption" time="0.228"/>
  <testcase classname="testCases.TC_005_NewsLetterTest" name="getNewsLetter" time="0.156"/>
  <testcase classname="testCases.TC_007_LikesAndViewsTest" name="getTotalLikesAndViews" time="4.21"/>
  <testcase classname="testCases.TC_006_LinksActiveTest" name="getNewsLetter" time="1.916"/>
  <testcase classname="testBase.BaseClass" name="@BeforeTest setUp" time="0.0">
    <ignored/>
  </testcase> <!-- @BeforeTest setUp -->
  <testcase classname="testBase.BaseClass" name="@AfterTest tearDown" time="0.0">
    <ignored/>
  </testcase> <!-- @AfterTest tearDown -->
  <testcase classname="testBase.BaseClass" name="@BeforeTest setUp" time="0.0">
    <ignored/>
  </testcase> <!-- @BeforeTest setUp -->
  <testcase classname="testBase.BaseClass" name="@BeforeTest setUp" time="0.0">
    <ignored/>
  </testcase> <!-- @BeforeTest setUp -->
  <testcase classname="testBase.BaseClass" name="@AfterTest tearDown" time="0.0">
    <ignored/>
  </testcase> <!-- @AfterTest tearDown -->
  <testcase classname="testBase.BaseClass" name="@AfterTest tearDown" time="0.0">
    <ignored/>
  </testcase> <!-- @AfterTest tearDown -->
  <testcase classname="testBase.BaseClass" name="@BeforeTest setUp" time="0.0">
    <ignored/>
  </testcase> <!-- @BeforeTest setUp -->
  <testcase classname="testBase.BaseClass" name="@BeforeTest setUp" time="0.0">
    <ignored/>
  </testcase> <!-- @BeforeTest setUp -->
  <testcase classname="testBase.BaseClass" name="@AfterTest tearDown" time="0.0">
    <ignored/>
  </testcase> <!-- @AfterTest tearDown -->
  <testcase classname="testBase.BaseClass" name="@AfterTest tearDown" time="0.0">
    <ignored/>
  </testcase> <!-- @AfterTest tearDown -->
  <testcase classname="testBase.BaseClass" name="@AfterTest tearDown" time="0.0">
    <ignored/>
  </testcase> <!-- @AfterTest tearDown -->
  <testcase classname="testBase.BaseClass" name="@BeforeTest setUp" time="0.0">
    <ignored/>
  </testcase> <!-- @BeforeTest setUp -->
</testsuite> <!-- chromeTest2 -->
