<?xml version="1.0" encoding="UTF-8"?>
<testng-results ignored="0" total="28" passed="28" failed="0" skipped="0">
  <reporter-output>
  </reporter-output>
  <suite started-at="2024-03-29T11:55:25 IST" name="Suite" finished-at="2024-03-29T11:58:47 IST" duration-ms="201686">
    <groups>
    </groups>
    <test started-at="2024-03-29T11:55:25 IST" name="chromeTest" finished-at="2024-03-29T11:56:14 IST" duration-ms="49198">
      <class name="testCases.TC_006_LinksActiveTest">
        <test-method signature="getNewsLetter()[pri:0, instance:testCases.TC_006_LinksActiveTest@68ead359]" started-at="2024-03-29T11:56:04 IST" name="getNewsLetter" finished-at="2024-03-29T11:56:09 IST" duration-ms="4036" status="PASS">
          <reporter-output>
          </reporter-output>
        </test-method> <!-- getNewsLetter -->
      </class> <!-- testCases.TC_006_LinksActiveTest -->
      <class name="testCases.TC_003_AuthorInfoTest">
        <test-method signature="validateAuthorInfoDisplay()[pri:0, instance:testCases.TC_003_AuthorInfoTest@18bc345]" started-at="2024-03-29T11:55:50 IST" name="validateAuthorInfoDisplay" finished-at="2024-03-29T11:56:00 IST" duration-ms="10275" status="PASS">
          <reporter-output>
          </reporter-output>
        </test-method> <!-- validateAuthorInfoDisplay -->
      </class> <!-- testCases.TC_003_AuthorInfoTest -->
      <class name="testCases.TC_004_ShareOptionTest">
        <test-method signature="validateShareOption()[pri:0, instance:testCases.TC_004_ShareOptionTest@42f8285e]" started-at="2024-03-29T11:56:00 IST" name="validateShareOption" finished-at="2024-03-29T11:56:01 IST" duration-ms="293" status="PASS">
          <reporter-output>
          </reporter-output>
        </test-method> <!-- validateShareOption -->
      </class> <!-- testCases.TC_004_ShareOptionTest -->
      <class name="testCases.TC_007_LikesAndViewsTest">
        <test-method signature="getTotalLikesAndViews()[pri:0, instance:testCases.TC_007_LikesAndViewsTest@3724af13]" started-at="2024-03-29T11:56:01 IST" name="getTotalLikesAndViews" finished-at="2024-03-29T11:56:04 IST" duration-ms="3499" status="PASS">
          <reporter-output>
          </reporter-output>
        </test-method> <!-- getTotalLikesAndViews -->
      </class> <!-- testCases.TC_007_LikesAndViewsTest -->
      <class name="testCases.TC_005_NewsLetterTest">
        <test-method signature="getNewsLetter()[pri:0, instance:testCases.TC_005_NewsLetterTest@26bab2f1]" started-at="2024-03-29T11:56:01 IST" name="getNewsLetter" finished-at="2024-03-29T11:56:01 IST" duration-ms="377" status="PASS">
          <reporter-output>
          </reporter-output>
        </test-method> <!-- getNewsLetter -->
      </class> <!-- testCases.TC_005_NewsLetterTest -->
      <class name="testCases.TC_001_UserInfoTest">
        <test-method is-config="true" signature="setUp(java.lang.String)[pri:0, instance:testCases.TC_001_UserInfoTest@4983159f]" started-at="2024-03-29T11:55:25 IST" name="setUp" finished-at="2024-03-29T11:55:37 IST" duration-ms="11919" status="PASS">
          <params>
            <param index="0">
              <value>
                <![CDATA[chrome]]>
              </value>
            </param>
          </params>
          <reporter-output>
          </reporter-output>
        </test-method> <!-- setUp -->
        <test-method signature="verifyUserInfoDisplay()[pri:0, instance:testCases.TC_001_UserInfoTest@4983159f]" started-at="2024-03-29T11:55:37 IST" name="verifyUserInfoDisplay" finished-at="2024-03-29T11:55:49 IST" duration-ms="11128" status="PASS">
          <reporter-output>
          </reporter-output>
        </test-method> <!-- verifyUserInfoDisplay -->
        <test-method is-config="true" signature="tearDown()[pri:0, instance:testCases.TC_001_UserInfoTest@4983159f]" started-at="2024-03-29T11:56:09 IST" name="tearDown" finished-at="2024-03-29T11:56:14 IST" duration-ms="5705" status="PASS">
          <reporter-output>
          </reporter-output>
        </test-method> <!-- tearDown -->
      </class> <!-- testCases.TC_001_UserInfoTest -->
      <class name="testCases.TC_002_CheckTitleTest">
        <test-method signature="verifyAuthorInfo(java.lang.String)[pri:0, instance:testCases.TC_002_CheckTitleTest@65fe9e33]" started-at="2024-03-29T11:55:49 IST" name="verifyAuthorInfo" finished-at="2024-03-29T11:55:50 IST" duration-ms="1485" status="PASS">
          <params>
            <param index="0">
              <value>
                <![CDATA[1]]>
              </value>
            </param>
          </params>
          <reporter-output>
          </reporter-output>
        </test-method> <!-- verifyAuthorInfo -->
      </class> <!-- testCases.TC_002_CheckTitleTest -->
    </test> <!-- chromeTest -->
    <test started-at="2024-03-29T11:56:20 IST" name="edgeTest" finished-at="2024-03-29T11:57:05 IST" duration-ms="45761">
      <class name="testCases.TC_006_LinksActiveTest">
        <test-method signature="getNewsLetter()[pri:0, instance:testCases.TC_006_LinksActiveTest@3401a114]" started-at="2024-03-29T11:56:58 IST" name="getNewsLetter" finished-at="2024-03-29T11:56:59 IST" duration-ms="513" status="PASS">
          <reporter-output>
          </reporter-output>
        </test-method> <!-- getNewsLetter -->
      </class> <!-- testCases.TC_006_LinksActiveTest -->
      <class name="testCases.TC_003_AuthorInfoTest">
        <test-method signature="validateAuthorInfoDisplay()[pri:0, instance:testCases.TC_003_AuthorInfoTest@73173f63]" started-at="2024-03-29T11:56:44 IST" name="validateAuthorInfoDisplay" finished-at="2024-03-29T11:56:54 IST" duration-ms="10238" status="PASS">
          <reporter-output>
          </reporter-output>
        </test-method> <!-- validateAuthorInfoDisplay -->
      </class> <!-- testCases.TC_003_AuthorInfoTest -->
      <class name="testCases.TC_004_ShareOptionTest">
        <test-method signature="validateShareOption()[pri:0, instance:testCases.TC_004_ShareOptionTest@55562aa9]" started-at="2024-03-29T11:56:54 IST" name="validateShareOption" finished-at="2024-03-29T11:56:54 IST" duration-ms="374" status="PASS">
          <reporter-output>
          </reporter-output>
        </test-method> <!-- validateShareOption -->
      </class> <!-- testCases.TC_004_ShareOptionTest -->
      <class name="testCases.TC_007_LikesAndViewsTest">
        <test-method signature="getTotalLikesAndViews()[pri:0, instance:testCases.TC_007_LikesAndViewsTest@7e276594]" started-at="2024-03-29T11:56:55 IST" name="getTotalLikesAndViews" finished-at="2024-03-29T11:56:58 IST" duration-ms="3718" status="PASS">
          <reporter-output>
          </reporter-output>
        </test-method> <!-- getTotalLikesAndViews -->
      </class> <!-- testCases.TC_007_LikesAndViewsTest -->
      <class name="testCases.TC_005_NewsLetterTest">
        <test-method signature="getNewsLetter()[pri:0, instance:testCases.TC_005_NewsLetterTest@655ef322]" started-at="2024-03-29T11:56:54 IST" name="getNewsLetter" finished-at="2024-03-29T11:56:55 IST" duration-ms="217" status="PASS">
          <reporter-output>
          </reporter-output>
        </test-method> <!-- getNewsLetter -->
      </class> <!-- testCases.TC_005_NewsLetterTest -->
      <class name="testCases.TC_001_UserInfoTest">
        <test-method is-config="true" signature="setUp(java.lang.String)[pri:0, instance:testCases.TC_001_UserInfoTest@25e2ab5a]" started-at="2024-03-29T11:56:20 IST" name="setUp" finished-at="2024-03-29T11:56:30 IST" duration-ms="10737" status="PASS">
          <params>
            <param index="0">
              <value>
                <![CDATA[edge]]>
              </value>
            </param>
          </params>
          <reporter-output>
          </reporter-output>
        </test-method> <!-- setUp -->
        <test-method signature="verifyUserInfoDisplay()[pri:0, instance:testCases.TC_001_UserInfoTest@25e2ab5a]" started-at="2024-03-29T11:56:30 IST" name="verifyUserInfoDisplay" finished-at="2024-03-29T11:56:41 IST" duration-ms="10621" status="PASS">
          <reporter-output>
          </reporter-output>
        </test-method> <!-- verifyUserInfoDisplay -->
        <test-method is-config="true" signature="tearDown()[pri:0, instance:testCases.TC_001_UserInfoTest@25e2ab5a]" started-at="2024-03-29T11:56:59 IST" name="tearDown" finished-at="2024-03-29T11:57:05 IST" duration-ms="6619" status="PASS">
          <reporter-output>
          </reporter-output>
        </test-method> <!-- tearDown -->
      </class> <!-- testCases.TC_001_UserInfoTest -->
      <class name="testCases.TC_002_CheckTitleTest">
        <test-method signature="verifyAuthorInfo(java.lang.String)[pri:0, instance:testCases.TC_002_CheckTitleTest@35e5d0e5]" started-at="2024-03-29T11:56:41 IST" name="verifyAuthorInfo" finished-at="2024-03-29T11:56:44 IST" duration-ms="2705" status="PASS">
          <params>
            <param index="0">
              <value>
                <![CDATA[2]]>
              </value>
            </param>
          </params>
          <reporter-output>
          </reporter-output>
        </test-method> <!-- verifyAuthorInfo -->
      </class> <!-- testCases.TC_002_CheckTitleTest -->
    </test> <!-- edgeTest -->
    <test started-at="2024-03-29T11:57:12 IST" name="chromeTest2" finished-at="2024-03-29T11:57:54 IST" duration-ms="41907">
      <class name="testCases.TC_006_LinksActiveTest">
        <test-method signature="getNewsLetter()[pri:0, instance:testCases.TC_006_LinksActiveTest@3c9bfddc]" started-at="2024-03-29T11:57:47 IST" name="getNewsLetter" finished-at="2024-03-29T11:57:49 IST" duration-ms="1916" status="PASS">
          <reporter-output>
          </reporter-output>
        </test-method> <!-- getNewsLetter -->
      </class> <!-- testCases.TC_006_LinksActiveTest -->
      <class name="testCases.TC_003_AuthorInfoTest">
        <test-method signature="validateAuthorInfoDisplay()[pri:0, instance:testCases.TC_003_AuthorInfoTest@3ecd267f]" started-at="2024-03-29T11:57:32 IST" name="validateAuthorInfoDisplay" finished-at="2024-03-29T11:57:42 IST" duration-ms="10219" status="PASS">
          <reporter-output>
          </reporter-output>
        </test-method> <!-- validateAuthorInfoDisplay -->
      </class> <!-- testCases.TC_003_AuthorInfoTest -->
      <class name="testCases.TC_004_ShareOptionTest">
        <test-method signature="validateShareOption()[pri:0, instance:testCases.TC_004_ShareOptionTest@58ffcbd7]" started-at="2024-03-29T11:57:42 IST" name="validateShareOption" finished-at="2024-03-29T11:57:43 IST" duration-ms="228" status="PASS">
          <reporter-output>
          </reporter-output>
        </test-method> <!-- validateShareOption -->
      </class> <!-- testCases.TC_004_ShareOptionTest -->
      <class name="testCases.TC_007_LikesAndViewsTest">
        <test-method signature="getTotalLikesAndViews()[pri:0, instance:testCases.TC_007_LikesAndViewsTest@6bb2d00b]" started-at="2024-03-29T11:57:43 IST" name="getTotalLikesAndViews" finished-at="2024-03-29T11:57:47 IST" duration-ms="4210" status="PASS">
          <reporter-output>
          </reporter-output>
        </test-method> <!-- getTotalLikesAndViews -->
      </class> <!-- testCases.TC_007_LikesAndViewsTest -->
      <class name="testCases.TC_005_NewsLetterTest">
        <test-method signature="getNewsLetter()[pri:0, instance:testCases.TC_005_NewsLetterTest@555cf22]" started-at="2024-03-29T11:57:43 IST" name="getNewsLetter" finished-at="2024-03-29T11:57:43 IST" duration-ms="156" status="PASS">
          <reporter-output>
          </reporter-output>
        </test-method> <!-- getNewsLetter -->
      </class> <!-- testCases.TC_005_NewsLetterTest -->
      <class name="testCases.TC_001_UserInfoTest">
        <test-method is-config="true" signature="setUp(java.lang.String)[pri:0, instance:testCases.TC_001_UserInfoTest@4233e892]" started-at="2024-03-29T11:57:12 IST" name="setUp" finished-at="2024-03-29T11:57:20 IST" duration-ms="8106" status="PASS">
          <params>
            <param index="0">
              <value>
                <![CDATA[chrome]]>
              </value>
            </param>
          </params>
          <reporter-output>
          </reporter-output>
        </test-method> <!-- setUp -->
        <test-method signature="verifyUserInfoDisplay()[pri:0, instance:testCases.TC_001_UserInfoTest@4233e892]" started-at="2024-03-29T11:57:20 IST" name="verifyUserInfoDisplay" finished-at="2024-03-29T11:57:31 IST" duration-ms="10897" status="PASS">
          <reporter-output>
          </reporter-output>
        </test-method> <!-- verifyUserInfoDisplay -->
        <test-method is-config="true" signature="tearDown()[pri:0, instance:testCases.TC_001_UserInfoTest@4233e892]" started-at="2024-03-29T11:57:49 IST" name="tearDown" finished-at="2024-03-29T11:57:54 IST" duration-ms="4646" status="PASS">
          <reporter-output>
          </reporter-output>
        </test-method> <!-- tearDown -->
      </class> <!-- testCases.TC_001_UserInfoTest -->
      <class name="testCases.TC_002_CheckTitleTest">
        <test-method signature="verifyAuthorInfo(java.lang.String)[pri:0, instance:testCases.TC_002_CheckTitleTest@77d2e85]" started-at="2024-03-29T11:57:31 IST" name="verifyAuthorInfo" finished-at="2024-03-29T11:57:32 IST" duration-ms="1511" status="PASS">
          <params>
            <param index="0">
              <value>
                <![CDATA[3]]>
              </value>
            </param>
          </params>
          <reporter-output>
          </reporter-output>
        </test-method> <!-- verifyAuthorInfo -->
      </class> <!-- testCases.TC_002_CheckTitleTest -->
    </test> <!-- chromeTest2 -->
    <test started-at="2024-03-29T11:57:58 IST" name="edgeTest2" finished-at="2024-03-29T11:58:47 IST" duration-ms="49011">
      <class name="testCases.TC_006_LinksActiveTest">
        <test-method signature="getNewsLetter()[pri:0, instance:testCases.TC_006_LinksActiveTest@3569fc08]" started-at="2024-03-29T11:58:34 IST" name="getNewsLetter" finished-at="2024-03-29T11:58:37 IST" duration-ms="3036" status="PASS">
          <reporter-output>
          </reporter-output>
        </test-method> <!-- getNewsLetter -->
      </class> <!-- testCases.TC_006_LinksActiveTest -->
      <class name="testCases.TC_003_AuthorInfoTest">
        <test-method signature="validateAuthorInfoDisplay()[pri:0, instance:testCases.TC_003_AuthorInfoTest@3bd418e4]" started-at="2024-03-29T11:58:19 IST" name="validateAuthorInfoDisplay" finished-at="2024-03-29T11:58:29 IST" duration-ms="10221" status="PASS">
          <reporter-output>
          </reporter-output>
        </test-method> <!-- validateAuthorInfoDisplay -->
      </class> <!-- testCases.TC_003_AuthorInfoTest -->
      <class name="testCases.TC_004_ShareOptionTest">
        <test-method signature="validateShareOption()[pri:0, instance:testCases.TC_004_ShareOptionTest@544820b7]" started-at="2024-03-29T11:58:29 IST" name="validateShareOption" finished-at="2024-03-29T11:58:30 IST" duration-ms="306" status="PASS">
          <reporter-output>
          </reporter-output>
        </test-method> <!-- validateShareOption -->
      </class> <!-- testCases.TC_004_ShareOptionTest -->
      <class name="testCases.TC_007_LikesAndViewsTest">
        <test-method signature="getTotalLikesAndViews()[pri:0, instance:testCases.TC_007_LikesAndViewsTest@2e61d218]" started-at="2024-03-29T11:58:30 IST" name="getTotalLikesAndViews" finished-at="2024-03-29T11:58:34 IST" duration-ms="4130" status="PASS">
          <reporter-output>
          </reporter-output>
        </test-method> <!-- getTotalLikesAndViews -->
      </class> <!-- testCases.TC_007_LikesAndViewsTest -->
      <class name="testCases.TC_005_NewsLetterTest">
        <test-method signature="getNewsLetter()[pri:0, instance:testCases.TC_005_NewsLetterTest@6b98a075]" started-at="2024-03-29T11:58:30 IST" name="getNewsLetter" finished-at="2024-03-29T11:58:30 IST" duration-ms="185" status="PASS">
          <reporter-output>
          </reporter-output>
        </test-method> <!-- getNewsLetter -->
      </class> <!-- testCases.TC_005_NewsLetterTest -->
      <class name="testCases.TC_001_UserInfoTest">
        <test-method is-config="true" signature="setUp(java.lang.String)[pri:0, instance:testCases.TC_001_UserInfoTest@2f4205be]" started-at="2024-03-29T11:57:58 IST" name="setUp" finished-at="2024-03-29T11:58:07 IST" duration-ms="8936" status="PASS">
          <params>
            <param index="0">
              <value>
                <![CDATA[edge]]>
              </value>
            </param>
          </params>
          <reporter-output>
          </reporter-output>
        </test-method> <!-- setUp -->
        <test-method signature="verifyUserInfoDisplay()[pri:0, instance:testCases.TC_001_UserInfoTest@2f4205be]" started-at="2024-03-29T11:58:07 IST" name="verifyUserInfoDisplay" finished-at="2024-03-29T11:58:18 IST" duration-ms="11144" status="PASS">
          <reporter-output>
          </reporter-output>
        </test-method> <!-- verifyUserInfoDisplay -->
        <test-method is-config="true" signature="tearDown()[pri:0, instance:testCases.TC_001_UserInfoTest@2f4205be]" started-at="2024-03-29T11:58:37 IST" name="tearDown" finished-at="2024-03-29T11:58:47 IST" duration-ms="9588" status="PASS">
          <reporter-output>
          </reporter-output>
        </test-method> <!-- tearDown -->
      </class> <!-- testCases.TC_001_UserInfoTest -->
      <class name="testCases.TC_002_CheckTitleTest">
        <test-method signature="verifyAuthorInfo(java.lang.String)[pri:0, instance:testCases.TC_002_CheckTitleTest@54e22bdd]" started-at="2024-03-29T11:58:18 IST" name="verifyAuthorInfo" finished-at="2024-03-29T11:58:19 IST" duration-ms="1450" status="PASS">
          <params>
            <param index="0">
              <value>
                <![CDATA[4]]>
              </value>
            </param>
          </params>
          <reporter-output>
          </reporter-output>
        </test-method> <!-- verifyAuthorInfo -->
      </class> <!-- testCases.TC_002_CheckTitleTest -->
    </test> <!-- edgeTest2 -->
  </suite> <!-- Suite -->
</testng-results>
